0 info it worked if it ends with ok
1 verbose cli [ '/usr/bin/node', '/usr/bin/npm', 'run', 'sass' ]
2 info using npm@3.5.2
3 info using node@v8.10.0
4 verbose run-script [ 'presass', 'sass', 'postsass' ]
5 info lifecycle online_portfolio@1.0.0~presass: online_portfolio@1.0.0
6 silly lifecycle online_portfolio@1.0.0~presass: no script for presass, continuing
7 info lifecycle online_portfolio@1.0.0~sass: online_portfolio@1.0.0
8 verbose lifecycle online_portfolio@1.0.0~sass: unsafe-perm in lifecycle true
9 verbose lifecycle online_portfolio@1.0.0~sass: PATH: /usr/share/npm/bin/node-gyp-bin:/home/aadar/Online_Portfolio/node_modules/.bin:/home/aadar/.vscode-server/bin/ff915844119ce9485abfe8aa9076ec76b5300ddd/bin:/home/aadar/.cargo/bin:/home/aadar/.local/bin:/usr/local/sbin:/usr/local/bin:/usr/sbin:/usr/bin:/sbin:/bin:/usr/games:/usr/local/games:/mnt/c/WINDOWS/system32:/mnt/c/WINDOWS:/mnt/c/WINDOWS/System32/Wbem:/mnt/c/WINDOWS/System32/WindowsPowerShell/v1.0/:/mnt/c/Program Files (x86)/Skype/Phone/:/mnt/c/Program Files (x86)/GNU/GnuPG/pub:/mnt/c/TDM-GCC-64/bin:/mnt/c/WINDOWS/System32/OpenSSH/:/mnt/c/Program Files/Git/cmd:/mnt/c/Program Files/nodejs/:/mnt/c/Users/Dell/.cargo/bin:/mnt/c/Users/Dell/AppData/Local/Microsoft/WindowsApps:/mnt/c/Users/Dell/AppData/Local/Programs/MiKTeX 2.9/miktex/bin/x64/:/mnt/c/Users/Dell/AppData/Local/Programs/Microsoft VS Code/bin:/mnt/c/Users/Dell/AppData/Roaming/npm:/snap/bin:/usr/local/go/bin:/home/aadar/go/bin:/home/aadar/.local/bin:/home/aadar/.cargo/bin:/usr/local/sbin:/usr/local/bin:/usr/sbin:/usr/bin:/sbin:/bin:/usr/games:/usr/local/games:/mnt/c/WINDOWS/system32:/mnt/c/WINDOWS:/mnt/c/WINDOWS/System32/Wbem:/mnt/c/WINDOWS/System32/WindowsPowerShell/v1.0/:/mnt/c/Program Files (x86)/Skype/Phone/:/mnt/c/Program Files (x86)/GNU/GnuPG/pub:/mnt/c/TDM-GCC-64/bin:/mnt/c/WINDOWS/System32/OpenSSH/:/mnt/c/Program Files/Git/cmd:/mnt/c/Program Files/nodejs/:/mnt/c/Users/Dell/.cargo/bin:/mnt/c/Users/Dell/AppData/Local/Microsoft/WindowsApps:/mnt/c/Users/Dell/AppData/Local/Programs/MiKTeX 2.9/miktex/bin/x64/:/mnt/c/Users/Dell/AppData/Local/Programs/Microsoft VS Code/bin:/mnt/c/Users/Dell/AppData/Roaming/npm:/snap/bin:/usr/local/go/bin:/home/aadar/go/bin:/home/aadar/.local/bin:/usr/local/go/bin:/home/aadar/go/bin:/home/aadar/.local/bin:/home/aadar/.cargo/bin:/home/aadar/.vscode-server/bin/ff915844119ce9485abfe8aa9076ec76b5300ddd/bin:/home/aadar/.cargo/bin:/home/aadar/.local/bin:/usr/local/sbin:/usr/local/bin:/usr/sbin:/usr/bin:/sbin:/bin:/usr/games:/usr/local/games:/mnt/c/WINDOWS/system32:/mnt/c/WINDOWS:/mnt/c/WINDOWS/System32/Wbem:/mnt/c/WINDOWS/System32/WindowsPowerShell/v1.0/:/mnt/c/Program Files (x86)/Skype/Phone/:/mnt/c/Program Files (x86)/GNU/GnuPG/pub:/mnt/c/TDM-GCC-64/bin:/mnt/c/WINDOWS/System32/OpenSSH/:/mnt/c/Program Files/Git/cmd:/mnt/c/Program Files/nodejs/:/mnt/c/Users/Dell/.cargo/bin:/mnt/c/Users/Dell/AppData/Local/Microsoft/WindowsApps:/mnt/c/Users/Dell/AppData/Local/Programs/MiKTeX 2.9/miktex/bin/x64/:/mnt/c/Users/Dell/AppData/Local/Programs/Microsoft VS Code/bin:/mnt/c/Users/Dell/AppData/Roaming/npm:/snap/bin:/usr/local/go/bin:/home/aadar/go/bin:/home/aadar/.local/bin:/home/aadar/.cargo/bin:/usr/local/sbin:/usr/local/bin:/usr/sbin:/usr/bin:/sbin:/bin:/usr/games:/usr/local/games:/mnt/c/WINDOWS/system32:/mnt/c/WINDOWS:/mnt/c/WINDOWS/System32/Wbem:/mnt/c/WINDOWS/System32/WindowsPowerShell/v1.0/:/mnt/c/Program Files (x86)/Skype/Phone/:/mnt/c/Program Files (x86)/GNU/GnuPG/pub:/mnt/c/TDM-GCC-64/bin:/mnt/c/WINDOWS/System32/OpenSSH/:/mnt/c/Program Files/Git/cmd:/mnt/c/Program Files/nodejs/:/mnt/c/Users/Dell/.cargo/bin:/mnt/c/Users/Dell/AppData/Local/Microsoft/WindowsApps:/mnt/c/Users/Dell/AppData/Local/Programs/MiKTeX 2.9/miktex/bin/x64/:/mnt/c/Users/Dell/AppData/Local/Programs/Microsoft VS Code/bin:/mnt/c/Users/Dell/AppData/Roaming/npm:/snap/bin:/usr/local/go/bin:/home/aadar/go/bin:/home/aadar/.local/bin:/usr/local/go/bin:/home/aadar/go/bin:/home/aadar/.local/bin
10 verbose lifecycle online_portfolio@1.0.0~sass: CWD: /home/aadar/Online_Portfolio
11 silly lifecycle online_portfolio@1.0.0~sass: Args: [ '-c', 'node-sass -w scss/ -o dist/css/ --recursive' ]
12 info lifecycle online_portfolio@1.0.0~sass: Failed to exec sass script
13 verbose stack Error: online_portfolio@1.0.0 sass: `node-sass -w scss/ -o dist/css/ --recursive`
13 verbose stack spawn ENOENT
13 verbose stack     at ChildProcess.<anonymous> (/usr/share/npm/lib/utils/spawn.js:17:16)
13 verbose stack     at emitTwo (events.js:126:13)
13 verbose stack     at ChildProcess.emit (events.js:214:7)
13 verbose stack     at maybeClose (internal/child_process.js:925:16)
13 verbose stack     at Process.ChildProcess._handle.onexit (internal/child_process.js:209:5)
14 verbose pkgid online_portfolio@1.0.0
15 verbose cwd /home/aadar/Online_Portfolio/scss
16 error Linux 4.4.0-18362-Microsoft
17 error argv "/usr/bin/node" "/usr/bin/npm" "run" "sass"
18 error node v8.10.0
19 error npm  v3.5.2
20 error file sh
21 error code ELIFECYCLE
22 error errno ENOENT
23 error syscall spawn
24 error online_portfolio@1.0.0 sass: `node-sass -w scss/ -o dist/css/ --recursive`
24 error spawn ENOENT
25 error Failed at the online_portfolio@1.0.0 sass script 'node-sass -w scss/ -o dist/css/ --recursive'.
25 error Make sure you have the latest version of node.js and npm installed.
25 error If you do, this is most likely a problem with the online_portfolio package,
25 error not with npm itself.
25 error Tell the author that this fails on your system:
25 error     node-sass -w scss/ -o dist/css/ --recursive
25 error You can get information on how to open an issue for this project with:
25 error     npm bugs online_portfolio
25 error Or if that isn't available, you can get their info via:
25 error     npm owner ls online_portfolio
25 error There is likely additional logging output above.
26 verbose exit [ 1, true ]
